Symlinking /home/rosUsr/Shared/PB_2025_equipe1/robot_ws/devel/include/robot_communication/velocity_comm.h
Symlinking /home/rosUsr/Shared/PB_2025_equipe1/robot_ws/devel/include/robot_communication/vision_pattern.h
Symlinking /home/rosUsr/Shared/PB_2025_equipe1/robot_ws/devel/include/robot_communication/encoder_comm.h
Symlinking /home/rosUsr/Shared/PB_2025_equipe1/robot_ws/devel/share/roseus/ros/robot_communication/manifest.l
Symlinking /home/rosUsr/Shared/PB_2025_equipe1/robot_ws/devel/share/roseus/ros/robot_communication/msg/vision_pattern.l
Symlinking /home/rosUsr/Shared/PB_2025_equipe1/robot_ws/devel/share/roseus/ros/robot_communication/msg/encoder_comm.l
Symlinking /home/rosUsr/Shared/PB_2025_equipe1/robot_ws/devel/share/roseus/ros/robot_communication/msg/velocity_comm.l
Symlinking /home/rosUsr/Shared/PB_2025_equipe1/robot_ws/devel/share/common-lisp/ros/robot_communication/msg/_package_encoder_comm.lisp
Symlinking /home/rosUsr/Shared/PB_2025_equipe1/robot_ws/devel/share/common-lisp/ros/robot_communication/msg/vision_pattern.lisp
Symlinking /home/rosUsr/Shared/PB_2025_equipe1/robot_ws/devel/share/common-lisp/ros/robot_communication/msg/_package.lisp
Symlinking /home/rosUsr/Shared/PB_2025_equipe1/robot_ws/devel/share/common-lisp/ros/robot_communication/msg/encoder_comm.lisp
Symlinking /home/rosUsr/Shared/PB_2025_equipe1/robot_ws/devel/share/common-lisp/ros/robot_communication/msg/velocity_comm.lisp
Symlinking /home/rosUsr/Shared/PB_2025_equipe1/robot_ws/devel/share/common-lisp/ros/robot_communication/msg/_package_velocity_comm.lisp
Symlinking /home/rosUsr/Shared/PB_2025_equipe1/robot_ws/devel/share/common-lisp/ros/robot_communication/msg/_package_vision_pattern.lisp
Symlinking /home/rosUsr/Shared/PB_2025_equipe1/robot_ws/devel/share/common-lisp/ros/robot_communication/msg/robot_communication-msg.asd
Symlinking /home/rosUsr/Shared/PB_2025_equipe1/robot_ws/devel/share/robot_communication/cmake/robot_communication-msg-paths.cmake
Symlinking /home/rosUsr/Shared/PB_2025_equipe1/robot_ws/devel/share/robot_communication/cmake/robot_communicationConfig-version.cmake
Symlinking /home/rosUsr/Shared/PB_2025_equipe1/robot_ws/devel/share/robot_communication/cmake/robot_communicationConfig.cmake
Symlinking /home/rosUsr/Shared/PB_2025_equipe1/robot_ws/devel/share/robot_communication/cmake/robot_communication-msg-extras.cmake
Symlinking /home/rosUsr/Shared/PB_2025_equipe1/robot_ws/devel/share/gennodejs/ros/robot_communication/_index.js
Symlinking /home/rosUsr/Shared/PB_2025_equipe1/robot_ws/devel/share/gennodejs/ros/robot_communication/msg/vision_pattern.js
Symlinking /home/rosUsr/Shared/PB_2025_equipe1/robot_ws/devel/share/gennodejs/ros/robot_communication/msg/encoder_comm.js
Symlinking /home/rosUsr/Shared/PB_2025_equipe1/robot_ws/devel/share/gennodejs/ros/robot_communication/msg/velocity_comm.js
Symlinking /home/rosUsr/Shared/PB_2025_equipe1/robot_ws/devel/share/gennodejs/ros/robot_communication/msg/_index.js
Symlinking /home/rosUsr/Shared/PB_2025_equipe1/robot_ws/devel/lib/pkgconfig/robot_communication.pc
Symlinking /home/rosUsr/Shared/PB_2025_equipe1/robot_ws/devel/lib/robot_communication/mqtt_comm.py
Symlinking /home/rosUsr/Shared/PB_2025_equipe1/robot_ws/devel/lib/robot_communication/uart_comm.py
Symlinking /home/rosUsr/Shared/PB_2025_equipe1/robot_ws/devel/lib/python3/dist-packages/robot_communication/__init__.py
Symlinking /home/rosUsr/Shared/PB_2025_equipe1/robot_ws/devel/lib/python3/dist-packages/robot_communication/msg/_encoder_comm.py
Symlinking /home/rosUsr/Shared/PB_2025_equipe1/robot_ws/devel/lib/python3/dist-packages/robot_communication/msg/__init__.py
Symlinking /home/rosUsr/Shared/PB_2025_equipe1/robot_ws/devel/lib/python3/dist-packages/robot_communication/msg/_velocity_comm.py
Symlinking /home/rosUsr/Shared/PB_2025_equipe1/robot_ws/devel/lib/python3/dist-packages/robot_communication/msg/_vision_pattern.py
